{
  "stats": {
    "suites": 1,
    "tests": 1,
    "passes": 1,
    "pending": 0,
    "failures": 0,
    "start": "2025-05-21T13:59:40.253Z",
    "end": "2025-05-21T14:00:24.290Z",
    "duration": 44037,
    "testsRegistered": 1,
    "passPercent": 100,
    "pendingPercent": 0,
    "other": 0,
    "hasOther": false,
    "skipped": 0,
    "hasSkipped": false
  },
  "results": [
    {
      "uuid": "06b517f9-f041-460b-8d6b-a89fd6809b17",
      "title": "",
      "fullFile": "cypress\\e2e\\FullPurchaseFlow.cy.js",
      "file": "cypress\\e2e\\FullPurchaseFlow.cy.js",
      "beforeHooks": [],
      "afterHooks": [],
      "tests": [],
      "suites": [
        {
          "uuid": "3144f4c1-b9cc-40b3-adb4-7fec7cfc708d",
          "title": "Register, Logout, Login, and Purchase via Bank Wire",
          "fullFile": "",
          "file": "",
          "beforeHooks": [],
          "afterHooks": [],
          "tests": [
            {
              "title": "registers, logs out, logs in, adds product to cart, and completes purchase via Bank Wire",
              "fullTitle": "Register, Logout, Login, and Purchase via Bank Wire registers, logs out, logs in, adds product to cart, and completes purchase via Bank Wire",
              "timedOut": null,
              "duration": 40280,
              "state": "passed",
              "speed": "slow",
              "pass": true,
              "fail": false,
              "pending": false,
              "context": null,
              "code": "// Step 1: Register\n_RegisterPage.default.visit();\n_RegisterPage.default.initiateRegistration(this.user.email);\n_RegisterPage.default.fillRegistrationForm(this.user);\n// Step 2: Add address\n_AddressPage.default.visit();\n_AddressPage.default.createFirstAddress(this.user);\n// Step 3: Logout\ncy.get(\"a[title='Log me out']\").should('be.visible').click();\ncy.get('.login').should('be.visible');\n// Step 4: Login\n_LoginPage.default.visit(); // Reload the login page\n_LoginPage.default.login(this.user.email, this.user.password);\n_LoginPage.default.verifyLoginSuccess();\n// Step 5: Product purchase\n_ProductPage.default.visitProduct(this.product.id, this.product.size, this.product.color);\n_ProductPage.default.addToCart();\n_ProductPage.default.proceedToCheckoutFromModal();\n// Step 6: Checkout\n_CheckoutPage.default.proceedFromSummary();\n_CheckoutPage.default.proceedFromAddress();\n_CheckoutPage.default.agreeToTerms();\n_CheckoutPage.default.proceedFromShipping();\n_CheckoutPage.default.selectBankWirePayment();\n_CheckoutPage.default.confirmOrder();\n// Step 7: Verify order\n_CheckoutPage.default.verifyOrderCompletion();\n_CheckoutPage.default.goToOrderHistory();\n// Step : Logout\ncy.get(\"a[title='Log me out']\").should('be.visible').click();\ncy.get('.login').should('be.visible');",
              "err": {},
              "uuid": "36f88595-e2e2-41d1-ac07-ec152e4294f7",
              "parentUUID": "3144f4c1-b9cc-40b3-adb4-7fec7cfc708d",
              "isHook": false,
              "skipped": false
            }
          ],
          "suites": [],
          "passes": [
            "36f88595-e2e2-41d1-ac07-ec152e4294f7"
          ],
          "failures": [],
          "pending": [],
          "skipped": [],
          "duration": 40280,
          "root": false,
          "rootEmpty": false,
          "_timeout": 2000
        }
      ],
      "passes": [],
      "failures": [],
      "pending": [],
      "skipped": [],
      "duration": 0,
      "root": true,
      "rootEmpty": true,
      "_timeout": 2000
    }
  ],
  "meta": {
    "mocha": {
      "version": "7.2.0"
    },
    "mochawesome": {
      "options": {
        "quiet": false,
        "reportFilename": "mochawesome",
        "saveHtml": false,
        "saveJson": true,
        "consoleReporter": "spec",
        "useInlineDiffs": false,
        "code": true
      },
      "version": "7.1.3"
    },
    "marge": {
      "options": {
        "reportDir": "cypress/reports/mochawesome-report",
        "overwrite": false,
        "html": false,
        "json": true
      },
      "version": "6.2.0"
    }
  }
}