{
  "stats": {
    "suites": 1,
    "tests": 1,
    "passes": 1,
    "pending": 0,
    "failures": 0,
    "start": "2025-05-21T19:11:47.837Z",
    "end": "2025-05-21T19:12:22.523Z",
    "duration": 34686,
    "testsRegistered": 1,
    "passPercent": 100,
    "pendingPercent": 0,
    "other": 0,
    "hasOther": false,
    "skipped": 0,
    "hasSkipped": false
  },
  "results": [
    {
      "uuid": "5210040f-577c-4db0-b072-082c683df5ba",
      "title": "",
      "fullFile": "cypress\\e2e\\FullPurchaseFlow.cy.js",
      "file": "cypress\\e2e\\FullPurchaseFlow.cy.js",
      "beforeHooks": [],
      "afterHooks": [],
      "tests": [],
      "suites": [
        {
          "uuid": "9570f9f7-78be-4f8e-ba67-b19b49af89d7",
          "title": "Register, Login, Purchase, Logout",
          "fullFile": "",
          "file": "",
          "beforeHooks": [],
          "afterHooks": [],
          "tests": [
            {
              "title": "Product Purchase",
              "fullTitle": "Register, Login, Purchase, Logout Product Purchase",
              "timedOut": null,
              "duration": 31384,
              "state": "passed",
              "speed": "slow",
              "pass": true,
              "fail": false,
              "pending": false,
              "context": null,
              "code": "// Step 1: Register\n_RegisterPage.default.visit();\n_RegisterPage.default.initiateRegistration(this.user.email);\n_RegisterPage.default.fillRegistrationForm(this.user);\n// Step 2: Add address\n_AddressPage.default.visit();\n_AddressPage.default.createFirstAddress(this.user);\n// Step 3: Logout\n_LoginPage.default.logout();\n_LoginPage.default.verifyLogout();\n// Step 4: Login\n_LoginPage.default.visit(); // Reload the login page\n_LoginPage.default.login(this.user.email, this.user.password);\n_LoginPage.default.verifyLoginSuccess();\n// Step 5: Product purchase\n_ProductPage.default.visitProduct(this.product.id, this.product.size, this.product.color);\n_ProductPage.default.addToCart();\n_ProductPage.default.proceedToCheckoutFromModal();\n// Step 6: Checkout\n_CheckoutPage.default.proceedFromSummary();\n_CheckoutPage.default.proceedFromAddress();\n_CheckoutPage.default.agreeToTerms();\n_CheckoutPage.default.proceedFromShipping();\n_CheckoutPage.default.selectBankWirePayment();\n_CheckoutPage.default.confirmOrder();\n// Step 7: Verify order\n_CheckoutPage.default.verifyOrderCompletion();\n_CheckoutPage.default.goToOrderHistory();\n// Step 8: Logout\n_LoginPage.default.logout();\n_LoginPage.default.verifyLogout();",
              "err": {},
              "uuid": "de925e0c-046f-4759-9dc1-281a4148e0ce",
              "parentUUID": "9570f9f7-78be-4f8e-ba67-b19b49af89d7",
              "isHook": false,
              "skipped": false
            }
          ],
          "suites": [],
          "passes": [
            "de925e0c-046f-4759-9dc1-281a4148e0ce"
          ],
          "failures": [],
          "pending": [],
          "skipped": [],
          "duration": 31384,
          "root": false,
          "rootEmpty": false,
          "_timeout": 2000
        }
      ],
      "passes": [],
      "failures": [],
      "pending": [],
      "skipped": [],
      "duration": 0,
      "root": true,
      "rootEmpty": true,
      "_timeout": 2000
    }
  ],
  "meta": {
    "mocha": {
      "version": "7.2.0"
    },
    "mochawesome": {
      "options": {
        "quiet": false,
        "reportFilename": "mochawesome",
        "saveHtml": false,
        "saveJson": true,
        "consoleReporter": "spec",
        "useInlineDiffs": false,
        "code": true
      },
      "version": "7.1.3"
    },
    "marge": {
      "options": {
        "reportDir": "cypress/reports/mochawesome-report",
        "overwrite": true,
        "html": false,
        "json": true
      },
      "version": "6.2.0"
    }
  }
}